29/04/2017 19:32:55 - info - yes yes yes yes
29/04/2017 19:32:55 - error - no no no no
29/04/2017 19:32:55 - info - yes yes yes yes
29/04/2017 19:32:55 - error - no no no no
29/04/2017 19:32:56 - info - yes yes yes yes
29/04/2017 19:32:56 - error - no no no no
29/04/2017 19:32:57 - info - yes yes yes yes
29/04/2017 19:32:57 - error - no no no no
29/04/2017 19:32:58 - info - yes yes yes yes
29/04/2017 19:32:58 - error - no no no no
29/04/2017 19:39:10 - info - yes yes yes yes
29/04/2017 19:39:10 - error - no no no no
29/04/2017 19:39:29 - info - yes yes yes yes
29/04/2017 19:39:29 - error - no no no no
29/04/2017 19:39:31 - info - yes yes yes yes
29/04/2017 19:39:31 - error - no no no no
29/04/2017 19:39:32 - info - yes yes yes yes
29/04/2017 19:39:32 - error - no no no no
29/04/2017 19:39:33 - info - yes yes yes yes
29/04/2017 19:39:33 - error - no no no no
29/04/2017 19:39:34 - info - yes yes yes yes
29/04/2017 19:39:34 - error - no no no no
29/04/2017 19:39:37 - info - yes yes yes yes
29/04/2017 19:39:37 - error - no no no no
29/04/2017 19:39:39 - info - yes yes yes yes
29/04/2017 19:39:39 - error - no no no no
29/04/2017 19:39:40 - info - yes yes yes yes
29/04/2017 19:39:40 - error - no no no no
29/04/2017 19:41:23 - info - yes yes yes yes
29/04/2017 19:41:23 - error - no no no no
29/04/2017 19:41:27 - info - yes yes yes yes
29/04/2017 19:41:27 - error - no no no no
29/04/2017 19:41:28 - info - yes yes yes yes
29/04/2017 19:41:28 - error - no no no no
29/04/2017 19:41:29 - info - yes yes yes yes
29/04/2017 19:41:29 - error - no no no no
29/04/2017 19:44:33 - info - yes yes yes yes
29/04/2017 19:44:33 - error - no no no no
1493484352172 - info - yes yes yes yes
1493484352174 - error - no no no no
1493484369754 - info - yes yes yes yes
1493484369757 - error - no no no no
1493484371008 - info - yes yes yes yes
1493484371011 - error - no no no no
1493484372344 - info - yes yes yes yes
1493484372347 - error - no no no no
1493484373775 - info - yes yes yes yes
1493484373778 - error - no no no no
1493484375401 - info - yes yes yes yes
1493484375404 - error - no no no no
1493484416548 - info - yes yes yes yes
1493484416551 - error - no no no no
29/04/2017 19:47:19 - info - yes yes yes yes
29/04/2017 19:47:19 - error - no no no no
29/04/2017 22:08:41 - info - All Cameras
30/04/2017 11:27:05 - info - Adding new camera to camera pool
30/04/2017 11:28:38 - info - Setting camera's rule
30/04/2017 11:28:38 - info - http://30.30.141.145:3100/setRule
30/04/2017 11:28:50 - info - Starting camera - a66f478eeff24788a17a99d5cb0ef8c6
30/04/2017 11:28:50 - info - http://30.30.141.145:3100/startCamera
30/04/2017 11:31:37 - info - Adding new camera to camera pool
30/04/2017 11:31:59 - info - Setting camera's rule
30/04/2017 11:31:59 - info - http://30.30.141.145:3100/setRule
30/04/2017 11:32:05 - info - Starting camera - 1154113af81b4a849339ba662da9e34f
30/04/2017 11:32:05 - info - http://30.30.141.145:3100/startCamera
30/04/2017 11:35:22 - info - ## Got alert from camera 123123123123 ##
30/04/2017 11:39:36 - warn - ## Got alert from camera - 231234123 ##
30/04/2017 11:48:16 - info - Adding new camera to camera pool
30/04/2017 11:48:53 - info - Setting camera's rule
30/04/2017 11:48:53 - info - http://172.20.10.3:3100/setRule
30/04/2017 11:48:58 - info - Starting camera - 77931a244b184f86b7b3ff07cc2f7ad3
30/04/2017 11:48:59 - info - http://172.20.10.3:3100/startCamera
30/04/2017 11:50:44 - warn - ## Got alert from camera - 12345678 ##
30/04/2017 11:51:28 - warn - ## Got alert from camera - qwer ##
30/04/2017 11:52:55 - warn - ## Got alert from camera - 12345678 ##
30/04/2017 11:54:05 - info - Adding new camera to camera pool
30/04/2017 11:54:23 - info - Setting camera's rule
30/04/2017 11:54:23 - info - http://172.20.10.3:3100/setRule
30/04/2017 11:54:27 - info - Starting camera - 2935a3e8eeea48dcbf5bc53c08aa33ce
30/04/2017 11:54:27 - info - http://172.20.10.3:3100/startCamera
30/04/2017 11:54:34 - warn - ## Got alert from camera - 2935a3e8eeea48dcbf5bc53c08aa33ce ##
30/04/2017 11:57:52 - info - Adding new camera to camera pool
30/04/2017 11:58:13 - info - Adding new camera to camera pool
30/04/2017 11:58:37 - info - Setting camera's rule
30/04/2017 11:58:37 - info - http://172.20.10.3:3100/setRule
30/04/2017 11:58:40 - info - Starting camera - 0bf63ae3622d4c759546b139c0e6ac28
30/04/2017 11:58:41 - info - http://172.20.10.3:3100/startCamera
30/04/2017 11:58:47 - warn - ## Got alert from camera - 0bf63ae3622d4c759546b139c0e6ac28 ##
30/04/2017 11:58:53 - info - Message <5378f720-6c19-50b7-a157-f6bbf6401db5@gmail.com> sent: 250 2.0.0 OK 1493542731 u200sm3359974wmd.16 - gsmtp
30/04/2017 12:02:50 - info - Adding new camera to camera pool
30/04/2017 12:03:10 - info - Setting camera's rule
30/04/2017 12:03:10 - info - http://172.20.10.3:3100/setRule
30/04/2017 12:03:13 - info - Starting camera - a625c3c9a4d44a71a1430bd7a4e936ef
30/04/2017 12:03:14 - info - http://172.20.10.3:3100/startCamera
30/04/2017 12:03:21 - warn - ## Got alert from camera - a625c3c9a4d44a71a1430bd7a4e936ef ##
30/04/2017 12:03:25 - info - Got new photo from alert - a75fe51b34d042fd8540107167e16015
30/04/2017 12:03:27 - info - Message <6d69e697-424a-23f9-516b-65a1374dd6a1@gmail.com> sent: 250 2.0.0 OK 1493543007 e23sm13719970wre.54 - gsmtp
30/04/2017 12:04:49 - info - Got new photo from alert - a75fe51b34d042fd8540107167e16015
30/04/2017 12:05:20 - info - Adding new camera to camera pool
30/04/2017 12:07:08 - info - Setting camera's rule
30/04/2017 12:07:08 - info - http://172.20.10.3:3100/setRule
30/04/2017 12:08:00 - info - Starting camera - 04b0a3c22a7945db9c50d2aa255119b6
30/04/2017 12:08:00 - info - http://172.20.10.3:3100/startCamera
30/04/2017 12:08:18 - warn - ## Got alert from camera - 04b0a3c22a7945db9c50d2aa255119b6 ##
30/04/2017 12:08:22 - warn - ## Got alert from camera - 04b0a3c22a7945db9c50d2aa255119b6 ##
30/04/2017 12:08:24 - info - Message <687ffc8b-8a48-47f7-a635-7f56dec26189@gmail.com> sent: 250 2.0.0 OK 1493543304 j44sm4293577wre.67 - gsmtp
30/04/2017 12:08:27 - info - Message <0641967f-61a6-db86-d8b9-49657debd47d@gmail.com> sent: 250 2.0.0 OK 1493543307 z90sm15653370wrc.36 - gsmtp
30/04/2017 12:15:10 - info - Got new photo from alert - 697a989480fc40d5afff7b760e9e1396
30/04/2017 12:15:16 - warn - ## Got alert from camera - 04b0a3c22a7945db9c50d2aa255119b6 ##
30/04/2017 12:15:21 - info - Message <03761fc9-6ba8-8739-21d3-e2517e46c8e7@gmail.com> sent: 250 2.0.0 OK 1493543721 y63sm9521505wme.31 - gsmtp
30/04/2017 12:15:28 - info - Got new photo from alert - 639dbaed3bf34e51a1afd0f38031dd16
30/04/2017 12:18:55 - info - Adding new camera to camera pool
30/04/2017 12:19:13 - info - Setting camera's rule
30/04/2017 12:19:13 - info - http://172.20.10.3:3100/setRule
30/04/2017 12:19:16 - info - Starting camera - f695837c4f4d4208b8744558f2bbdf3e
30/04/2017 12:19:17 - info - http://172.20.10.3:3100/startCamera
30/04/2017 12:19:23 - warn - ## Got alert from camera - f695837c4f4d4208b8744558f2bbdf3e ##
30/04/2017 12:19:28 - info - Got new photo from alert - d981bac97e8747b49944dcfbff7c8d89
30/04/2017 12:19:28 - info - Message <e8e43bea-788f-eb2b-9bb8-d31d18ba18aa@gmail.com> sent: 250 2.0.0 OK 1493543968 w186sm15440020wme.26 - gsmtp
30/04/2017 12:19:31 - info - Got new photo from alert - d981bac97e8747b49944dcfbff7c8d89
30/04/2017 12:19:39 - info - Got new photo from alert - d981bac97e8747b49944dcfbff7c8d89
30/04/2017 12:19:49 - info - Got new photo from alert - d981bac97e8747b49944dcfbff7c8d89
30/04/2017 12:21:21 - info - Got new photo from alert - d981bac97e8747b49944dcfbff7c8d89
4/05/2017 12:52:58 - info - Adding new camera to camera pool
4/05/2017 12:54:39 - info - Setting camera's rule
4/05/2017 12:54:39 - info - http://172.20.10.3:3100/setRule
4/05/2017 12:54:45 - info - Starting camera - 4007ad858c5547269baa4ad6e7de5343
4/05/2017 12:54:45 - info - http://172.20.10.3:3100/startCamera
4/05/2017 12:54:54 - warn - ## Got alert from camera - 4007ad858c5547269baa4ad6e7de5343 ##
4/05/2017 12:54:59 - info - Got new photo from alert - 75fdd49792294fcd833e425d88c7550c
4/05/2017 12:55:02 - info - Got new photo from alert - 75fdd49792294fcd833e425d88c7550c
4/05/2017 12:55:02 - info - Message <76e6bafb-37fa-69e9-c3e1-30fe5aec5dfd@gmail.com> sent: 250 2.0.0 OK 1493891703 188sm1179687wmf.29 - gsmtp
4/05/2017 12:55:09 - info - Got new photo from alert - 75fdd49792294fcd833e425d88c7550c
4/05/2017 12:55:12 - info - Got new photo from alert - 75fdd49792294fcd833e425d88c7550c
4/05/2017 12:55:15 - info - Got new photo from alert - 75fdd49792294fcd833e425d88c7550c
4/05/2017 12:55:49 - info - Got new photo from alert - 75fdd49792294fcd833e425d88c7550c
4/05/2017 12:55:58 - warn - ## Got alert from camera - 4007ad858c5547269baa4ad6e7de5343 ##
4/05/2017 12:56:02 - info - Message <a1319a4e-a51e-3105-893f-c8322ae988be@gmail.com> sent: 250 2.0.0 OK 1493891763 a73sm821835wrc.58 - gsmtp
4/05/2017 12:56:04 - info - Got new photo from alert - 8cbd24d94a2e49ec98fe2e2344ce8c81
4/05/2017 12:56:12 - info - Got new photo from alert - 8cbd24d94a2e49ec98fe2e2344ce8c81
13/05/2017 15:37:04 - info - ** Green Guard Server ** 
Listening on port 8080...
13/05/2017 15:37:33 - info - ** Green Guard Server ** - Listening on port 8080...
